---------------------------------------------------------------
[ 2018-04-28T22:41:55+08:00 ] 0.0.0.0 GET /o2o1/public/
[ info ] localhost/o2o1/public/ [运行时间：0.122198s][吞吐率：8.18req/s] [内存消耗：2,703.14kb] [文件加载：56]
[ info ] [ LANG ] /Users/lanlee/Sites/o2o1/thinkphp/lang/zh-cn.php
[ info ] [ ROUTE ] array (
  'type' => 'module',
  'module' => 
  array (
    0 => '',
    1 => NULL,
    2 => NULL,
  ),
)
[ info ] [ HEADER ] array (
  'host' => 'localhost',
  'connection' => 'keep-alive',
  'upgrade-insecure-requests' => '1',
  'user-agent' => 'Mozilla/5.0 (Macintosh; Intel Mac OS X 10_13_4) AppleWebKit/537.36 (KHTML, like Gecko) Chrome/66.0.3359.139 Safari/537.36',
  'accept' => 'text/html,application/xhtml+xml,application/xml;q=0.9,image/webp,image/apng,*/*;q=0.8',
  'referer' => 'http://localhost/o2o1/',
  'accept-encoding' => 'gzip, deflate, br',
  'accept-language' => 'zh-CN,zh;q=0.9',
  'cookie' => 'pgv_pvi=5305164800; pgv_si=s8844869632; PHPSESSID=2d907e80ea25c1ccf70624e2fc188bc4',
)
[ info ] [ PARAM ] array (
)
[ info ] [ DB ] INIT mysql
[ info ] [ SESSION ] INIT array (
  'id' => '',
  'var_session_id' => '',
  'prefix' => 'think',
  'type' => '',
  'auto_start' => true,
)
[ info ] [ RUN ] app\index\controller\Index->index[ /Users/lanlee/Sites/o2o1/application/index/controller/Index.php ]
[ info ] [ VIEW ] /Users/lanlee/Sites/o2o1/public/../application/index/view/index/index.html [ array (
  0 => 'citys',
  1 => 'city',
  2 => 'user',
  3 => 'cats',
  4 => 'controller',
  5 => 'title',
  6 => 'center',
  7 => 'right',
  8 => 'meishiDeal',
  9 => 'meishiCat',
) ]
[ info ] [ LOG ] INIT File
[ sql ] [ DB ] CONNECT:[ UseTime:0.000709s ] mysql:host=127.0.0.1;port=3306;dbname=o2o;charset=utf8
[ sql ] [ SQL ] SHOW COLUMNS FROM `o2o_city` [ RunTime:0.004319s ]
[ sql ] [ SQL ] SELECT * FROM `o2o_city` WHERE  `status` = 1  AND `parent_id` <> 0 ORDER BY `id`  desc [ RunTime:0.000787s ]
[ sql ] [ SQL ] SELECT * FROM `o2o_city` WHERE  `name` = '宁德' LIMIT 1 [ RunTime:0.000817s ]
[ sql ] [ SQL ] SHOW COLUMNS FROM `o2o_category` [ RunTime:0.003642s ]
[ sql ] [ SQL ] SELECT * FROM `o2o_category` WHERE  `parent_id` = 0  AND `status` = 1 ORDER BY `listorder`  desc,`id`  desc LIMIT 5 [ RunTime:0.000745s ]
[ sql ] [ SQL ] SELECT * FROM `o2o_category` WHERE  `parent_id` IN (5,4,2,1,10)  AND `status` = 1 ORDER BY `listorder`  desc,`id`  desc [ RunTime:0.000867s ]
[ sql ] [ SQL ] SHOW COLUMNS FROM `o2o_featured` [ RunTime:0.004989s ]
[ sql ] [ SQL ] SELECT * FROM `o2o_featured` WHERE  `type` = 1  AND `status` = 1 [ RunTime:0.001022s ]
[ sql ] [ SQL ] SELECT * FROM `o2o_featured` WHERE  `type` = 2  AND `status` = 1 [ RunTime:0.000719s ]
[ sql ] [ SQL ] SHOW COLUMNS FROM `o2o_deal` [ RunTime:0.003514s ]
[ sql ] [ SQL ] SELECT * FROM `o2o_deal` WHERE  `category_id` = 5  AND `city_path` = '2,4'  AND `coupons_end_time` > 1524926515  AND `status` = 1 ORDER BY `listorder`  desc,`id`  desc LIMIT 10 [ RunTime:0.000951s ]
[ sql ] [ SQL ] SELECT * FROM `o2o_category` WHERE  `parent_id` = 5  AND `status` = 1 ORDER BY `listorder`  desc,`id`  desc LIMIT 3 [ RunTime:0.000713s ]
[ sql ] [ SQL ] SHOW COLUMNS FROM `o2o_bis_location` [ RunTime:0.004125s ]
[ sql ] [ SQL ] SELECT `name` FROM `o2o_bis_location` WHERE  `id` = 9 LIMIT 1 [ RunTime:0.000823s ]
[ sql ] [ SQL ] SELECT `name` FROM `o2o_bis_location` WHERE  `id` = 9 LIMIT 1 [ RunTime:0.001258s ]
[ sql ] [ SQL ] SHOW COLUMNS FROM `o2o_bis` [ RunTime:0.003863s ]
[ sql ] [ SQL ] SELECT `name` FROM `o2o_bis` WHERE  `id` = 2 LIMIT 1 [ RunTime:0.000615s ]
[ sql ] [ SQL ] SELECT `name` FROM `o2o_bis_location` WHERE  `id` = 18 LIMIT 1 [ RunTime:0.000724s ]
[ sql ] [ SQL ] SELECT `name` FROM `o2o_bis_location` WHERE  `id` = 18 LIMIT 1 [ RunTime:0.000549s ]
[ sql ] [ SQL ] SELECT `name` FROM `o2o_bis` WHERE  `id` = 9 LIMIT 1 [ RunTime:0.000527s ]
[ sql ] [ SQL ] SELECT `name` FROM `o2o_bis_location` WHERE  `id` = 2 LIMIT 1 [ RunTime:0.000500s ]
[ sql ] [ SQL ] SELECT `name` FROM `o2o_bis_location` WHERE  `id` = 2 LIMIT 1 [ RunTime:0.000489s ]
[ sql ] [ SQL ] SELECT `name` FROM `o2o_bis` WHERE  `id` = 2 LIMIT 1 [ RunTime:0.000506s ]
[ sql ] [ SQL ] SELECT `name` FROM `o2o_bis_location` WHERE  `id` = 2 LIMIT 1 [ RunTime:0.000592s ]
[ sql ] [ SQL ] SELECT `name` FROM `o2o_bis_location` WHERE  `id` = 2 LIMIT 1 [ RunTime:0.000518s ]
[ sql ] [ SQL ] SELECT `name` FROM `o2o_bis` WHERE  `id` = 2 LIMIT 1 [ RunTime:0.000530s ]
[ sql ] [ SQL ] SELECT `name` FROM `o2o_bis_location` WHERE  `id` = 5 LIMIT 1 [ RunTime:0.000610s ]
[ sql ] [ SQL ] SELECT `name` FROM `o2o_bis_location` WHERE  `id` = 5 LIMIT 1 [ RunTime:0.000766s ]
[ sql ] [ SQL ] SELECT `name` FROM `o2o_bis` WHERE  `id` = 2 LIMIT 1 [ RunTime:0.000559s ]
---------------------------------------------------------------
[ 2018-04-28T23:58:53+08:00 ] 0.0.0.0 GET /o2o/public/
[ info ] localhost/o2o/public/ [运行时间：0.124425s][吞吐率：8.04req/s] [内存消耗：2,957.93kb] [文件加载：64]
[ info ] [ LANG ] /Users/lanlee/Sites/o2o/thinkphp/lang/zh-cn.php
[ info ] [ ROUTE ] array (
  'type' => 'module',
  'module' => 
  array (
    0 => '',
    1 => NULL,
    2 => NULL,
  ),
)
[ info ] [ HEADER ] array (
  'host' => 'localhost',
  'connection' => 'keep-alive',
  'upgrade-insecure-requests' => '1',
  'user-agent' => 'Mozilla/5.0 (Macintosh; Intel Mac OS X 10_13_4) AppleWebKit/537.36 (KHTML, like Gecko) Chrome/66.0.3359.139 Safari/537.36',
  'accept' => 'text/html,application/xhtml+xml,application/xml;q=0.9,image/webp,image/apng,*/*;q=0.8',
  'referer' => 'http://localhost/o2o/',
  'accept-encoding' => 'gzip, deflate, br',
  'accept-language' => 'zh-CN,zh;q=0.9',
  'cookie' => 'PHPSESSID=5766c7307f6e2600fbab6d916c1d32b7',
)
[ info ] [ PARAM ] array (
)
[ info ] [ DB ] INIT mysql
[ info ] [ SESSION ] INIT array (
  'id' => '',
  'var_session_id' => '',
  'prefix' => 'think',
  'type' => '',
  'auto_start' => true,
)
[ info ] [ RUN ] app\index\controller\Index->index[ /Users/lanlee/Sites/o2o/application/index/controller/Index.php ]
[ info ] [ VIEW ] /Users/lanlee/Sites/o2o/public/../application/index/view/index/index.html [ array (
  0 => 'citys',
  1 => 'city',
  2 => 'user',
  3 => 'cats',
  4 => 'controller',
  5 => 'title',
  6 => 'center',
  7 => 'right',
  8 => 'meishiDeal',
  9 => 'meishiCat',
) ]
[ info ] [ LOG ] INIT File
[ sql ] [ DB ] CONNECT:[ UseTime:0.001790s ] mysql:host=127.0.0.1;port=3306;dbname=o2o;charset=utf8
[ sql ] [ SQL ] SHOW COLUMNS FROM `o2o_city` [ RunTime:0.003744s ]
[ sql ] [ SQL ] SELECT * FROM `o2o_city` WHERE  `status` = 1  AND `parent_id` <> 0 ORDER BY `id`  desc [ RunTime:0.000759s ]
[ sql ] [ SQL ] SELECT * FROM `o2o_city` WHERE  `name` = '宁德' LIMIT 1 [ RunTime:0.000723s ]
[ sql ] [ SQL ] SHOW COLUMNS FROM `o2o_category` [ RunTime:0.004389s ]
[ sql ] [ SQL ] SELECT * FROM `o2o_category` WHERE  `parent_id` = 0  AND `status` = 1 ORDER BY `listorder`  desc,`id`  desc LIMIT 5 [ RunTime:0.001621s ]
[ sql ] [ SQL ] SELECT * FROM `o2o_category` WHERE  `parent_id` IN (5,4,2,1,10)  AND `status` = 1 ORDER BY `listorder`  desc,`id`  desc [ RunTime:0.001186s ]
[ sql ] [ SQL ] SHOW COLUMNS FROM `o2o_featured` [ RunTime:0.003934s ]
[ sql ] [ SQL ] SELECT * FROM `o2o_featured` WHERE  `type` = 1  AND `status` = 1 [ RunTime:0.000854s ]
[ sql ] [ SQL ] SELECT * FROM `o2o_featured` WHERE  `type` = 2  AND `status` = 1 [ RunTime:0.000613s ]
[ sql ] [ SQL ] SHOW COLUMNS FROM `o2o_deal` [ RunTime:0.003563s ]
[ sql ] [ SQL ] SELECT * FROM `o2o_deal` WHERE  `category_id` = 5  AND `city_path` = '2,4'  AND `coupons_end_time` > 1524931133  AND `status` = 1 ORDER BY `listorder`  desc,`id`  desc LIMIT 10 [ RunTime:0.001095s ]
[ sql ] [ SQL ] SELECT * FROM `o2o_category` WHERE  `parent_id` = 5  AND `status` = 1 ORDER BY `listorder`  desc,`id`  desc LIMIT 3 [ RunTime:0.000825s ]
[ sql ] [ SQL ] SHOW COLUMNS FROM `o2o_bis_location` [ RunTime:0.003865s ]
[ sql ] [ SQL ] SELECT `name` FROM `o2o_bis_location` WHERE  `id` = 9 LIMIT 1 [ RunTime:0.000548s ]
[ sql ] [ SQL ] SELECT `name` FROM `o2o_bis_location` WHERE  `id` = 9 LIMIT 1 [ RunTime:0.000547s ]
[ sql ] [ SQL ] SHOW COLUMNS FROM `o2o_bis` [ RunTime:0.003212s ]
[ sql ] [ SQL ] SELECT `name` FROM `o2o_bis` WHERE  `id` = 2 LIMIT 1 [ RunTime:0.000569s ]
[ sql ] [ SQL ] SELECT `name` FROM `o2o_bis_location` WHERE  `id` = 18 LIMIT 1 [ RunTime:0.000490s ]
[ sql ] [ SQL ] SELECT `name` FROM `o2o_bis_location` WHERE  `id` = 18 LIMIT 1 [ RunTime:0.000450s ]
[ sql ] [ SQL ] SELECT `name` FROM `o2o_bis` WHERE  `id` = 9 LIMIT 1 [ RunTime:0.000531s ]
[ sql ] [ SQL ] SELECT `name` FROM `o2o_bis_location` WHERE  `id` = 2 LIMIT 1 [ RunTime:0.000519s ]
[ sql ] [ SQL ] SELECT `name` FROM `o2o_bis_location` WHERE  `id` = 2 LIMIT 1 [ RunTime:0.000469s ]
[ sql ] [ SQL ] SELECT `name` FROM `o2o_bis` WHERE  `id` = 2 LIMIT 1 [ RunTime:0.000468s ]
[ sql ] [ SQL ] SELECT `name` FROM `o2o_bis_location` WHERE  `id` = 2 LIMIT 1 [ RunTime:0.000464s ]
[ sql ] [ SQL ] SELECT `name` FROM `o2o_bis_location` WHERE  `id` = 2 LIMIT 1 [ RunTime:0.000560s ]
[ sql ] [ SQL ] SELECT `name` FROM `o2o_bis` WHERE  `id` = 2 LIMIT 1 [ RunTime:0.000486s ]
[ sql ] [ SQL ] SELECT `name` FROM `o2o_bis_location` WHERE  `id` = 5 LIMIT 1 [ RunTime:0.000458s ]
[ sql ] [ SQL ] SELECT `name` FROM `o2o_bis_location` WHERE  `id` = 5 LIMIT 1 [ RunTime:0.000503s ]
[ sql ] [ SQL ] SELECT `name` FROM `o2o_bis` WHERE  `id` = 2 LIMIT 1 [ RunTime:0.000852s ]
---------------------------------------------------------------
[ 2018-04-28T23:58:55+08:00 ] 0.0.0.0 GET /o2o/public/bis/login/index.html
[ info ] localhost/o2o/public/bis/login/index.html [运行时间：0.034703s][吞吐率：28.82req/s] [内存消耗：1,735.63kb] [文件加载：50]
[ info ] [ LANG ] /Users/lanlee/Sites/o2o/thinkphp/lang/zh-cn.php
[ info ] [ ROUTE ] array (
  'type' => 'module',
  'module' => 
  array (
    0 => 'bis',
    1 => 'login',
    2 => 'index',
  ),
)
[ info ] [ HEADER ] array (
  'host' => 'localhost',
  'connection' => 'keep-alive',
  'upgrade-insecure-requests' => '1',
  'user-agent' => 'Mozilla/5.0 (Macintosh; Intel Mac OS X 10_13_4) AppleWebKit/537.36 (KHTML, like Gecko) Chrome/66.0.3359.139 Safari/537.36',
  'accept' => 'text/html,application/xhtml+xml,application/xml;q=0.9,image/webp,image/apng,*/*;q=0.8',
  'referer' => 'http://localhost/o2o/public/',
  'accept-encoding' => 'gzip, deflate, br',
  'accept-language' => 'zh-CN,zh;q=0.9',
  'cookie' => 'PHPSESSID=5766c7307f6e2600fbab6d916c1d32b7',
)
[ info ] [ PARAM ] array (
)
[ info ] [ RUN ] app\bis\controller\Login->index[ /Users/lanlee/Sites/o2o/application/bis/controller/Login.php ]
[ info ] [ SESSION ] INIT array (
  'id' => '',
  'var_session_id' => '',
  'prefix' => 'think',
  'type' => '',
  'auto_start' => true,
)
[ info ] [ VIEW ] /Users/lanlee/Sites/o2o/public/../application/bis/view/login/index.html [ array (
) ]
[ info ] [ LOG ] INIT File
---------------------------------------------------------------
[ 2018-04-28T23:58:57+08:00 ] 0.0.0.0 GET /o2o/public/bis/register/index.html
[ info ] localhost/o2o/public/bis/register/index.html [运行时间：0.058798s][吞吐率：17.01req/s] [内存消耗：2,805.64kb] [文件加载：61]
[ info ] [ LANG ] /Users/lanlee/Sites/o2o/thinkphp/lang/zh-cn.php
[ info ] [ ROUTE ] array (
  'type' => 'module',
  'module' => 
  array (
    0 => 'bis',
    1 => 'register',
    2 => 'index',
  ),
)
[ info ] [ HEADER ] array (
  'host' => 'localhost',
  'connection' => 'keep-alive',
  'upgrade-insecure-requests' => '1',
  'user-agent' => 'Mozilla/5.0 (Macintosh; Intel Mac OS X 10_13_4) AppleWebKit/537.36 (KHTML, like Gecko) Chrome/66.0.3359.139 Safari/537.36',
  'accept' => 'text/html,application/xhtml+xml,application/xml;q=0.9,image/webp,image/apng,*/*;q=0.8',
  'referer' => 'http://localhost/o2o/public/bis/login/index.html',
  'accept-encoding' => 'gzip, deflate, br',
  'accept-language' => 'zh-CN,zh;q=0.9',
  'cookie' => 'PHPSESSID=5766c7307f6e2600fbab6d916c1d32b7',
)
[ info ] [ PARAM ] array (
)
[ info ] [ RUN ] app\bis\controller\Register->index[ /Users/lanlee/Sites/o2o/application/bis/controller/Register.php ]
[ info ] [ DB ] INIT mysql
[ info ] [ VIEW ] /Users/lanlee/Sites/o2o/public/../application/bis/view/register/index.html [ array (
  0 => 'citys',
  1 => 'categorys',
) ]
[ info ] [ LOG ] INIT File
[ sql ] [ DB ] CONNECT:[ UseTime:0.000549s ] mysql:host=127.0.0.1;port=3306;dbname=o2o;charset=utf8
[ sql ] [ SQL ] SHOW COLUMNS FROM `o2o_city` [ RunTime:0.004129s ]
[ sql ] [ SQL ] SELECT * FROM `o2o_city` WHERE  `status` <> -1  AND `parent_id` = 0 ORDER BY `id`  asc [ RunTime:0.000767s ]
[ sql ] [ SQL ] SHOW COLUMNS FROM `o2o_category` [ RunTime:0.003452s ]
[ sql ] [ SQL ] SELECT * FROM `o2o_category` WHERE  `status` <> -1  AND `parent_id` = 0 ORDER BY `id`  asc [ RunTime:0.000803s ]
---------------------------------------------------------------
[ 2018-04-28T23:58:57+08:00 ] 0.0.0.0 GET /o2o/public/bis/register/
[ info ] localhost/o2o/public/bis/register/ [运行时间：0.073243s][吞吐率：13.65req/s] [内存消耗：2,655.20kb] [文件加载：59]
[ info ] [ LANG ] /Users/lanlee/Sites/o2o/thinkphp/lang/zh-cn.php
[ info ] [ ROUTE ] array (
  'type' => 'module',
  'module' => 
  array (
    0 => 'bis',
    1 => 'register',
    2 => NULL,
  ),
)
[ info ] [ HEADER ] array (
  'host' => 'localhost',
  'connection' => 'keep-alive',
  'user-agent' => 'Mozilla/5.0 (Macintosh; Intel Mac OS X 10_13_4) AppleWebKit/537.36 (KHTML, like Gecko) Chrome/66.0.3359.139 Safari/537.36',
  'x-requested-with' => 'ShockwaveFlash/29.0.0.140',
  'accept' => '*/*',
  'referer' => 'http://localhost/o2o/public/bis/register/index.html',
  'accept-encoding' => 'gzip, deflate, br',
  'accept-language' => 'zh-CN,zh;q=0.9',
  'cookie' => 'PHPSESSID=5766c7307f6e2600fbab6d916c1d32b7',
)
[ info ] [ PARAM ] array (
)
[ info ] [ RUN ] app\bis\controller\Register->index[ /Users/lanlee/Sites/o2o/application/bis/controller/Register.php ]
[ info ] [ DB ] INIT mysql
[ info ] [ VIEW ] /Users/lanlee/Sites/o2o/public/../application/bis/view/register/index.html [ array (
  0 => 'citys',
  1 => 'categorys',
) ]
[ info ] [ LOG ] INIT File
[ sql ] [ DB ] CONNECT:[ UseTime:0.000889s ] mysql:host=127.0.0.1;port=3306;dbname=o2o;charset=utf8
[ sql ] [ SQL ] SHOW COLUMNS FROM `o2o_city` [ RunTime:0.005096s ]
[ sql ] [ SQL ] SELECT * FROM `o2o_city` WHERE  `status` <> -1  AND `parent_id` = 0 ORDER BY `id`  asc [ RunTime:0.000995s ]
[ sql ] [ SQL ] SHOW COLUMNS FROM `o2o_category` [ RunTime:0.004640s ]
[ sql ] [ SQL ] SELECT * FROM `o2o_category` WHERE  `status` <> -1  AND `parent_id` = 0 ORDER BY `id`  asc [ RunTime:0.001006s ]
---------------------------------------------------------------
[ 2018-04-28T23:58:57+08:00 ] 0.0.0.0 GET /o2o/public/bis/register/
[ info ] localhost/o2o/public/bis/register/ [运行时间：0.061669s][吞吐率：16.22req/s] [内存消耗：2,655.20kb] [文件加载：59]
[ info ] [ LANG ] /Users/lanlee/Sites/o2o/thinkphp/lang/zh-cn.php
[ info ] [ ROUTE ] array (
  'type' => 'module',
  'module' => 
  array (
    0 => 'bis',
    1 => 'register',
    2 => NULL,
  ),
)
[ info ] [ HEADER ] array (
  'host' => 'localhost',
  'connection' => 'keep-alive',
  'user-agent' => 'Mozilla/5.0 (Macintosh; Intel Mac OS X 10_13_4) AppleWebKit/537.36 (KHTML, like Gecko) Chrome/66.0.3359.139 Safari/537.36',
  'x-requested-with' => 'ShockwaveFlash/29.0.0.140',
  'accept' => '*/*',
  'referer' => 'http://localhost/o2o/public/bis/register/index.html',
  'accept-encoding' => 'gzip, deflate, br',
  'accept-language' => 'zh-CN,zh;q=0.9',
  'cookie' => 'PHPSESSID=5766c7307f6e2600fbab6d916c1d32b7',
)
[ info ] [ PARAM ] array (
)
[ info ] [ RUN ] app\bis\controller\Register->index[ /Users/lanlee/Sites/o2o/application/bis/controller/Register.php ]
[ info ] [ DB ] INIT mysql
[ info ] [ VIEW ] /Users/lanlee/Sites/o2o/public/../application/bis/view/register/index.html [ array (
  0 => 'citys',
  1 => 'categorys',
) ]
[ info ] [ LOG ] INIT File
[ sql ] [ DB ] CONNECT:[ UseTime:0.000617s ] mysql:host=127.0.0.1;port=3306;dbname=o2o;charset=utf8
[ sql ] [ SQL ] SHOW COLUMNS FROM `o2o_city` [ RunTime:0.003984s ]
[ sql ] [ SQL ] SELECT * FROM `o2o_city` WHERE  `status` <> -1  AND `parent_id` = 0 ORDER BY `id`  asc [ RunTime:0.000708s ]
[ sql ] [ SQL ] SHOW COLUMNS FROM `o2o_category` [ RunTime:0.004081s ]
[ sql ] [ SQL ] SELECT * FROM `o2o_category` WHERE  `status` <> -1  AND `parent_id` = 0 ORDER BY `id`  asc [ RunTime:0.001093s ]
---------------------------------------------------------------
[ 2018-04-28T23:59:36+08:00 ] 0.0.0.0 GET /o2o/public/bis/register/index.html
[ info ] localhost/o2o/public/bis/register/index.html [运行时间：0.081404s][吞吐率：12.28req/s] [内存消耗：2,655.23kb] [文件加载：59]
[ info ] [ LANG ] /Users/lanlee/Sites/o2o/thinkphp/lang/zh-cn.php
[ info ] [ ROUTE ] array (
  'type' => 'module',
  'module' => 
  array (
    0 => 'bis',
    1 => 'register',
    2 => 'index',
  ),
)
[ info ] [ HEADER ] array (
  'host' => 'localhost',
  'connection' => 'keep-alive',
  'cache-control' => 'max-age=0',
  'upgrade-insecure-requests' => '1',
  'user-agent' => 'Mozilla/5.0 (Macintosh; Intel Mac OS X 10_13_4) AppleWebKit/537.36 (KHTML, like Gecko) Chrome/66.0.3359.139 Safari/537.36',
  'accept' => 'text/html,application/xhtml+xml,application/xml;q=0.9,image/webp,image/apng,*/*;q=0.8',
  'referer' => 'http://localhost/o2o/public/bis/login/index.html',
  'accept-encoding' => 'gzip, deflate, br',
  'accept-language' => 'zh-CN,zh;q=0.9',
)
[ info ] [ PARAM ] array (
)
[ info ] [ RUN ] app\bis\controller\Register->index[ /Users/lanlee/Sites/o2o/application/bis/controller/Register.php ]
[ info ] [ DB ] INIT mysql
[ info ] [ VIEW ] /Users/lanlee/Sites/o2o/public/../application/bis/view/register/index.html [ array (
  0 => 'citys',
  1 => 'categorys',
) ]
[ info ] [ LOG ] INIT File
[ sql ] [ DB ] CONNECT:[ UseTime:0.001100s ] mysql:host=127.0.0.1;port=3306;dbname=o2o;charset=utf8
[ sql ] [ SQL ] SHOW COLUMNS FROM `o2o_city` [ RunTime:0.006290s ]
[ sql ] [ SQL ] SELECT * FROM `o2o_city` WHERE  `status` <> -1  AND `parent_id` = 0 ORDER BY `id`  asc [ RunTime:0.000809s ]
[ sql ] [ SQL ] SHOW COLUMNS FROM `o2o_category` [ RunTime:0.007753s ]
[ sql ] [ SQL ] SELECT * FROM `o2o_category` WHERE  `status` <> -1  AND `parent_id` = 0 ORDER BY `id`  asc [ RunTime:0.000951s ]
---------------------------------------------------------------
[ 2018-04-28T23:59:38+08:00 ] 0.0.0.0 GET /o2o/public/bis/register/
[ info ] localhost/o2o/public/bis/register/ [运行时间：0.096382s][吞吐率：10.38req/s] [内存消耗：2,653.86kb] [文件加载：59]
[ info ] [ LANG ] /Users/lanlee/Sites/o2o/thinkphp/lang/zh-cn.php
[ info ] [ ROUTE ] array (
  'type' => 'module',
  'module' => 
  array (
    0 => 'bis',
    1 => 'register',
    2 => NULL,
  ),
)
[ info ] [ HEADER ] array (
  'host' => 'localhost',
  'connection' => 'keep-alive',
  'x-requested-with' => 'ShockwaveFlash/29.0.0.140',
  'user-agent' => 'Mozilla/5.0 (Macintosh; Intel Mac OS X 10_13_4) AppleWebKit/537.36 (KHTML, like Gecko) Chrome/66.0.3359.139 Safari/537.36',
  'accept' => '*/*',
  'referer' => 'http://localhost/o2o/public/bis/register/index.html',
  'accept-encoding' => 'gzip, deflate, br',
  'accept-language' => 'zh-CN,zh;q=0.9',
)
[ info ] [ PARAM ] array (
)
[ info ] [ RUN ] app\bis\controller\Register->index[ /Users/lanlee/Sites/o2o/application/bis/controller/Register.php ]
[ info ] [ DB ] INIT mysql
[ info ] [ VIEW ] /Users/lanlee/Sites/o2o/public/../application/bis/view/register/index.html [ array (
  0 => 'citys',
  1 => 'categorys',
) ]
[ info ] [ LOG ] INIT File
[ sql ] [ DB ] CONNECT:[ UseTime:0.001696s ] mysql:host=127.0.0.1;port=3306;dbname=o2o;charset=utf8
[ sql ] [ SQL ] SHOW COLUMNS FROM `o2o_city` [ RunTime:0.006359s ]
[ sql ] [ SQL ] SELECT * FROM `o2o_city` WHERE  `status` <> -1  AND `parent_id` = 0 ORDER BY `id`  asc [ RunTime:0.000863s ]
[ sql ] [ SQL ] SHOW COLUMNS FROM `o2o_category` [ RunTime:0.003913s ]
[ sql ] [ SQL ] SELECT * FROM `o2o_category` WHERE  `status` <> -1  AND `parent_id` = 0 ORDER BY `id`  asc [ RunTime:0.001186s ]
---------------------------------------------------------------
[ 2018-04-28T23:59:38+08:00 ] 0.0.0.0 GET /o2o/public/bis/register/
[ info ] localhost/o2o/public/bis/register/ [运行时间：0.066952s][吞吐率：14.94req/s] [内存消耗：2,653.86kb] [文件加载：59]
[ info ] [ LANG ] /Users/lanlee/Sites/o2o/thinkphp/lang/zh-cn.php
[ info ] [ ROUTE ] array (
  'type' => 'module',
  'module' => 
  array (
    0 => 'bis',
    1 => 'register',
    2 => NULL,
  ),
)
[ info ] [ HEADER ] array (
  'host' => 'localhost',
  'connection' => 'keep-alive',
  'x-requested-with' => 'ShockwaveFlash/29.0.0.140',
  'user-agent' => 'Mozilla/5.0 (Macintosh; Intel Mac OS X 10_13_4) AppleWebKit/537.36 (KHTML, like Gecko) Chrome/66.0.3359.139 Safari/537.36',
  'accept' => '*/*',
  'referer' => 'http://localhost/o2o/public/bis/register/index.html',
  'accept-encoding' => 'gzip, deflate, br',
  'accept-language' => 'zh-CN,zh;q=0.9',
)
[ info ] [ PARAM ] array (
)
[ info ] [ RUN ] app\bis\controller\Register->index[ /Users/lanlee/Sites/o2o/application/bis/controller/Register.php ]
[ info ] [ DB ] INIT mysql
[ info ] [ VIEW ] /Users/lanlee/Sites/o2o/public/../application/bis/view/register/index.html [ array (
  0 => 'citys',
  1 => 'categorys',
) ]
[ info ] [ LOG ] INIT File
[ sql ] [ DB ] CONNECT:[ UseTime:0.000646s ] mysql:host=127.0.0.1;port=3306;dbname=o2o;charset=utf8
[ sql ] [ SQL ] SHOW COLUMNS FROM `o2o_city` [ RunTime:0.004742s ]
[ sql ] [ SQL ] SELECT * FROM `o2o_city` WHERE  `status` <> -1  AND `parent_id` = 0 ORDER BY `id`  asc [ RunTime:0.001216s ]
[ sql ] [ SQL ] SHOW COLUMNS FROM `o2o_category` [ RunTime:0.006072s ]
[ sql ] [ SQL ] SELECT * FROM `o2o_category` WHERE  `status` <> -1  AND `parent_id` = 0 ORDER BY `id`  asc [ RunTime:0.001041s ]
---------------------------------------------------------------
[ 2018-04-28T23:59:41+08:00 ] 0.0.0.0 POST /o2o/public/api/city/getcitybyparentid.html
[ info ] localhost/o2o/public/api/city/getcitybyparentid.html [运行时间：0.097931s][吞吐率：10.21req/s] [内存消耗：2,533.40kb] [文件加载：57]
[ info ] [ LANG ] /Users/lanlee/Sites/o2o/thinkphp/lang/zh-cn.php
[ info ] [ ROUTE ] array (
  'type' => 'module',
  'module' => 
  array (
    0 => 'api',
    1 => 'city',
    2 => 'getcitybyparentid',
  ),
)
[ info ] [ HEADER ] array (
  'host' => 'localhost',
  'connection' => 'keep-alive',
  'content-length' => '4',
  'accept' => 'application/json, text/javascript, */*; q=0.01',
  'origin' => 'http://localhost',
  'x-requested-with' => 'XMLHttpRequest',
  'user-agent' => 'Mozilla/5.0 (Macintosh; Intel Mac OS X 10_13_4) AppleWebKit/537.36 (KHTML, like Gecko) Chrome/66.0.3359.139 Safari/537.36',
  'content-type' => 'application/x-www-form-urlencoded; charset=UTF-8',
  'referer' => 'http://localhost/o2o/public/bis/register/index.html',
  'accept-encoding' => 'gzip, deflate, br',
  'accept-language' => 'zh-CN,zh;q=0.9',
)
[ info ] [ PARAM ] array (
  'id' => '1',
)
[ info ] [ DB ] INIT mysql
[ info ] [ RUN ] app\api\controller\City->getCityByParentId[ /Users/lanlee/Sites/o2o/application/api/controller/City.php ]
[ info ] [ LOG ] INIT File
[ sql ] [ DB ] CONNECT:[ UseTime:0.000639s ] mysql:host=127.0.0.1;port=3306;dbname=o2o;charset=utf8
[ sql ] [ SQL ] SHOW COLUMNS FROM `o2o_city` [ RunTime:0.005179s ]
[ sql ] [ SQL ] SELECT * FROM `o2o_city` WHERE  `status` <> -1  AND `parent_id` = 1 ORDER BY `id`  asc [ RunTime:0.000810s ]
---------------------------------------------------------------
[ 2018-04-28T23:59:44+08:00 ] 0.0.0.0 POST /o2o/public/api/city/getcitybyparentid.html
[ info ] localhost/o2o/public/api/city/getcitybyparentid.html [运行时间：0.100630s][吞吐率：9.94req/s] [内存消耗：2,533.65kb] [文件加载：57]
[ info ] [ LANG ] /Users/lanlee/Sites/o2o/thinkphp/lang/zh-cn.php
[ info ] [ ROUTE ] array (
  'type' => 'module',
  'module' => 
  array (
    0 => 'api',
    1 => 'city',
    2 => 'getcitybyparentid',
  ),
)
[ info ] [ HEADER ] array (
  'host' => 'localhost',
  'connection' => 'keep-alive',
  'content-length' => '4',
  'accept' => 'application/json, text/javascript, */*; q=0.01',
  'origin' => 'http://localhost',
  'x-requested-with' => 'XMLHttpRequest',
  'user-agent' => 'Mozilla/5.0 (Macintosh; Intel Mac OS X 10_13_4) AppleWebKit/537.36 (KHTML, like Gecko) Chrome/66.0.3359.139 Safari/537.36',
  'content-type' => 'application/x-www-form-urlencoded; charset=UTF-8',
  'referer' => 'http://localhost/o2o/public/bis/register/index.html',
  'accept-encoding' => 'gzip, deflate, br',
  'accept-language' => 'zh-CN,zh;q=0.9',
)
[ info ] [ PARAM ] array (
  'id' => '2',
)
[ info ] [ DB ] INIT mysql
[ info ] [ RUN ] app\api\controller\City->getCityByParentId[ /Users/lanlee/Sites/o2o/application/api/controller/City.php ]
[ info ] [ LOG ] INIT File
[ sql ] [ DB ] CONNECT:[ UseTime:0.004360s ] mysql:host=127.0.0.1;port=3306;dbname=o2o;charset=utf8
[ sql ] [ SQL ] SHOW COLUMNS FROM `o2o_city` [ RunTime:0.009555s ]
[ sql ] [ SQL ] SELECT * FROM `o2o_city` WHERE  `status` <> -1  AND `parent_id` = 2 ORDER BY `id`  asc [ RunTime:0.001335s ]
---------------------------------------------------------------
[ 2018-04-28T23:59:50+08:00 ] 0.0.0.0 POST /o2o/public/bis/register/maptag.html
[ info ] localhost/o2o/public/bis/register/maptag.html [运行时间：0.079214s][吞吐率：12.62req/s] [内存消耗：2,494.86kb] [文件加载：53]
[ info ] [ LANG ] /Users/lanlee/Sites/o2o/thinkphp/lang/zh-cn.php
[ info ] [ ROUTE ] array (
  'type' => 'module',
  'module' => 
  array (
    0 => 'bis',
    1 => 'register',
    2 => 'maptag',
  ),
)
[ info ] [ HEADER ] array (
  'host' => 'localhost',
  'connection' => 'keep-alive',
  'content-length' => '30',
  'accept' => 'application/json, text/javascript, */*; q=0.01',
  'origin' => 'http://localhost',
  'x-requested-with' => 'XMLHttpRequest',
  'user-agent' => 'Mozilla/5.0 (Macintosh; Intel Mac OS X 10_13_4) AppleWebKit/537.36 (KHTML, like Gecko) Chrome/66.0.3359.139 Safari/537.36',
  'content-type' => 'application/x-www-form-urlencoded; charset=UTF-8',
  'referer' => 'http://localhost/o2o/public/bis/register/index.html',
  'accept-encoding' => 'gzip, deflate, br',
  'accept-language' => 'zh-CN,zh;q=0.9',
)
[ info ] [ PARAM ] array (
  'check' => '1',
  'email' => 'adfdfdf@qq.com',
)
[ info ] [ RUN ] app\bis\controller\Register->maptag[ /Users/lanlee/Sites/o2o/application/bis/controller/Register.php ]
[ info ] [ DB ] INIT mysql
[ info ] [ LOG ] INIT File
[ sql ] [ DB ] CONNECT:[ UseTime:0.000651s ] mysql:host=127.0.0.1;port=3306;dbname=o2o;charset=utf8
[ sql ] [ SQL ] SHOW COLUMNS FROM `o2o_bis` [ RunTime:0.004509s ]
[ sql ] [ SQL ] SELECT * FROM `o2o_bis` WHERE  `email` = 'adfdfdf@qq.com' LIMIT 1 [ RunTime:0.000743s ]
---------------------------------------------------------------
[ 2018-04-28T23:59:56+08:00 ] 0.0.0.0 POST /o2o/public/bis/register/maptag.html
[ info ] localhost/o2o/public/bis/register/maptag.html [运行时间：0.055377s][吞吐率：18.06req/s] [内存消耗：1,598.28kb] [文件加载：49]
[ info ] [ LANG ] /Users/lanlee/Sites/o2o/thinkphp/lang/zh-cn.php
[ info ] [ ROUTE ] array (
  'type' => 'module',
  'module' => 
  array (
    0 => 'bis',
    1 => 'register',
    2 => 'maptag',
  ),
)
[ info ] [ HEADER ] array (
  'host' => 'localhost',
  'connection' => 'keep-alive',
  'content-length' => '106',
  'accept' => 'application/json, text/javascript, */*; q=0.01',
  'origin' => 'http://localhost',
  'x-requested-with' => 'XMLHttpRequest',
  'user-agent' => 'Mozilla/5.0 (Macintosh; Intel Mac OS X 10_13_4) AppleWebKit/537.36 (KHTML, like Gecko) Chrome/66.0.3359.139 Safari/537.36',
  'content-type' => 'application/x-www-form-urlencoded; charset=UTF-8',
  'referer' => 'http://localhost/o2o/public/bis/register/index.html',
  'accept-encoding' => 'gzip, deflate, br',
  'accept-language' => 'zh-CN,zh;q=0.9',
)
[ info ] [ PARAM ] array (
  'check' => '3',
  'address' => '宁德市蕉城区金甸名苑',
)
[ info ] [ RUN ] app\bis\controller\Register->maptag[ /Users/lanlee/Sites/o2o/application/bis/controller/Register.php ]
[ info ] [ LOG ] INIT File
[ error ] [0]致命错误: Class 'Map' not found[/Users/lanlee/Sites/o2o/application/bis/controller/Register.php:151]
